<?xml version="1.0" encoding="UTF-8"?>
<checkstyle version="5.6">
<file name="/home/artem/IdeaProjects/JavaTraining/src/main/java/com/noveogroup/java/Worker.java">
<error line="26" column="19" severity="error" message="Parameter valid should be final." source="com.puppycrawl.tools.checkstyle.checks.FinalParametersCheck"/>
<error line="27" column="19" severity="error" message="Parameter invalid should be final." source="com.puppycrawl.tools.checkstyle.checks.FinalParametersCheck"/>
</file>
<file name="/home/artem/IdeaProjects/JavaTraining/src/main/java/com/noveogroup/java/my_concurrency/BlockingQueue.java">
</file>
<file name="/home/artem/IdeaProjects/JavaTraining/src/main/java/com/noveogroup/java/my_concurrency/SimpleBlockQueue.java">
</file>
<file name="/home/artem/IdeaProjects/JavaTraining/src/main/java/com/noveogroup/java/my_concurrency/MyBlockingQueue.java">
<error line="0" severity="error" message="File does not end with a newline." source="com.puppycrawl.tools.checkstyle.checks.NewlineAtEndOfFileCheck"/>
</file>
<file name="/home/artem/IdeaProjects/JavaTraining/src/main/java/com/noveogroup/java/Main.java">
<error line="0" severity="error" message="File does not end with a newline." source="com.puppycrawl.tools.checkstyle.checks.NewlineAtEndOfFileCheck"/>
<<<<<<< HEAD
<error line="24" column="1" severity="error" message="Class Data Abstraction Coupling is 13 (max allowed is 7) classes [AtomicBoolean, AtomicInteger, BlockingQueue, File, FileInputStream, HashMap, MyBlockingQueue, PojoFactory, Properties, Reader, Serializer, Thread, Worker]." source="com.puppycrawl.tools.checkstyle.checks.metrics.ClassDataAbstractionCouplingCheck"/>
<error line="24" column="1" severity="error" message="Utility classes should not have a public or default constructor." source="com.puppycrawl.tools.checkstyle.checks.design.HideUtilityClassConstructorCheck"/>
<error line="27" column="27" severity="error" message="Variable &apos;input&apos; explicitly initialized to &apos;null&apos; (default value for its type)." source="com.puppycrawl.tools.checkstyle.checks.coding.ExplicitInitializationCheck"/>
<error line="28" column="27" severity="error" message="Variable &apos;output&apos; explicitly initialized to &apos;null&apos; (default value for its type)." source="com.puppycrawl.tools.checkstyle.checks.coding.ExplicitInitializationCheck"/>
<error line="29" column="27" severity="error" message="Variable &apos;mode&apos; explicitly initialized to &apos;null&apos; (default value for its type)." source="com.puppycrawl.tools.checkstyle.checks.coding.ExplicitInitializationCheck"/>
<error line="34" severity="error" message="Array should contain trailing comma." source="com.puppycrawl.tools.checkstyle.checks.coding.ArrayTrailingCommaCheck"/>
<error line="34" severity="error" message="array initialization child at indentation level 12 not at correct indentation, [8, 49]" source="com.puppycrawl.tools.checkstyle.checks.indentation.IndentationCheck"/>
<error line="37" column="5" severity="error" message="Executable statement count is 48 (max allowed is 30)." source="com.puppycrawl.tools.checkstyle.checks.sizes.ExecutableStatementCountCheck"/>
<error line="37" column="5" severity="error" message="NCSS for this method is 52 (max allowed is 50)." source="com.puppycrawl.tools.checkstyle.checks.metrics.JavaNCSSCheck"/>
<error line="40" column="29" severity="error" message="Variable &apos;is&apos; should be declared final." source="com.puppycrawl.tools.checkstyle.checks.coding.FinalLocalVariableCheck"/>
<error line="99" column="47" severity="error" message="Must have at least one statement." source="com.puppycrawl.tools.checkstyle.checks.blocks.EmptyBlockCheck"/>
=======
<error line="9" column="8" severity="error" message="Unused import - javax.management.relation.InvalidRelationTypeException." source="com.puppycrawl.tools.checkstyle.checks.imports.UnusedImportsCheck"/>
<error line="25" column="1" severity="error" message="Class Data Abstraction Coupling is 13 (max allowed is 7) classes [AtomicBoolean, AtomicInteger, BlockingQueue, File, FileInputStream, HashMap, MyBlockingQueue, PojoFactory, Properties, Reader, Serializer, Thread, Worker]." source="com.puppycrawl.tools.checkstyle.checks.metrics.ClassDataAbstractionCouplingCheck"/>
<error line="25" column="1" severity="error" message="Utility classes should not have a public or default constructor." source="com.puppycrawl.tools.checkstyle.checks.design.HideUtilityClassConstructorCheck"/>
<error line="28" column="27" severity="error" message="Name &apos;INPUT&apos; must match pattern &apos;^[a-z][a-zA-Z0-9]*$&apos;." source="com.puppycrawl.tools.checkstyle.checks.naming.StaticVariableNameCheck"/>
<error line="28" column="27" severity="error" message="Variable &apos;INPUT&apos; explicitly initialized to &apos;null&apos; (default value for its type)." source="com.puppycrawl.tools.checkstyle.checks.coding.ExplicitInitializationCheck"/>
<error line="29" column="27" severity="error" message="Name &apos;OUTPUT&apos; must match pattern &apos;^[a-z][a-zA-Z0-9]*$&apos;." source="com.puppycrawl.tools.checkstyle.checks.naming.StaticVariableNameCheck"/>
<error line="29" column="27" severity="error" message="Variable &apos;OUTPUT&apos; explicitly initialized to &apos;null&apos; (default value for its type)." source="com.puppycrawl.tools.checkstyle.checks.coding.ExplicitInitializationCheck"/>
<error line="30" column="27" severity="error" message="Name &apos;MODE&apos; must match pattern &apos;^[a-z][a-zA-Z0-9]*$&apos;." source="com.puppycrawl.tools.checkstyle.checks.naming.StaticVariableNameCheck"/>
<error line="30" column="27" severity="error" message="Variable &apos;MODE&apos; explicitly initialized to &apos;null&apos; (default value for its type)." source="com.puppycrawl.tools.checkstyle.checks.coding.ExplicitInitializationCheck"/>
<error line="31" column="28" severity="error" message="Name &apos;QUEUE_SIZE&apos; must match pattern &apos;^[a-z][a-zA-Z0-9]*$&apos;." source="com.puppycrawl.tools.checkstyle.checks.naming.StaticVariableNameCheck"/>
<error line="32" column="28" severity="error" message="Name &apos;WORKER_COUNT&apos; must match pattern &apos;^[a-z][a-zA-Z0-9]*$&apos;." source="com.puppycrawl.tools.checkstyle.checks.naming.StaticVariableNameCheck"/>
<error line="33" column="19" severity="error" message="&apos;static&apos; modifier out of order with the JLS suggestions." source="com.puppycrawl.tools.checkstyle.checks.modifier.ModifierOrderCheck"/>
<error line="34" column="19" severity="error" message="&apos;static&apos; modifier out of order with the JLS suggestions." source="com.puppycrawl.tools.checkstyle.checks.modifier.ModifierOrderCheck"/>
<error line="35" severity="error" message="Array should contain trailing comma." source="com.puppycrawl.tools.checkstyle.checks.coding.ArrayTrailingCommaCheck"/>
<error line="35" severity="error" message="array initialization child at indentation level 12 not at correct indentation, [8, 49]" source="com.puppycrawl.tools.checkstyle.checks.indentation.IndentationCheck"/>
<error line="38" column="5" severity="error" message="Executable statement count is 49 (max allowed is 30)." source="com.puppycrawl.tools.checkstyle.checks.sizes.ExecutableStatementCountCheck"/>
<error line="38" column="5" severity="error" message="NCSS for this method is 53 (max allowed is 50)." source="com.puppycrawl.tools.checkstyle.checks.metrics.JavaNCSSCheck"/>
<error line="41" column="29" severity="error" message="Variable &apos;is&apos; should be declared final." source="com.puppycrawl.tools.checkstyle.checks.coding.FinalLocalVariableCheck"/>
<error line="90" column="29" severity="error" message="Name &apos;FLAG&apos; must match pattern &apos;^[a-z][a-zA-Z0-9]*$&apos;." source="com.puppycrawl.tools.checkstyle.checks.naming.LocalFinalVariableNameCheck"/>
<error line="101" column="47" severity="error" message="Must have at least one statement." source="com.puppycrawl.tools.checkstyle.checks.blocks.EmptyBlockCheck"/>
>>>>>>> 5d0796e070f3d7a5f9007751821bd3d21c94ffea
</file>
<file name="/home/artem/IdeaProjects/JavaTraining/src/main/java/com/noveogroup/java/validator/Range.java">
</file>
<file name="/home/artem/IdeaProjects/JavaTraining/src/main/java/com/noveogroup/java/validator/Pattern.java">
</file>
<file name="/home/artem/IdeaProjects/JavaTraining/src/main/java/com/noveogroup/java/validator/Size.java">
<error line="0" severity="error" message="File does not end with a newline." source="com.puppycrawl.tools.checkstyle.checks.NewlineAtEndOfFileCheck"/>
</file>
<file name="/home/artem/IdeaProjects/JavaTraining/src/main/java/com/noveogroup/java/validator/NotBlankValidator.java">
</file>
<file name="/home/artem/IdeaProjects/JavaTraining/src/main/java/com/noveogroup/java/validator/RangeValidator.java">
<error line="10" severity="error" message="First sentence should end with a period." source="com.puppycrawl.tools.checkstyle.checks.javadoc.JavadocStyleCheck"/>
<error line="26" severity="error" message="method def throws at indentation level 12 not at correct indentation, 8" source="com.puppycrawl.tools.checkstyle.checks.indentation.IndentationCheck"/>
</file>
<file name="/home/artem/IdeaProjects/JavaTraining/src/main/java/com/noveogroup/java/validator/SizeValidator.java">
<error line="40" severity="error" message="try child at indentation level 20 not at correct indentation, 12" source="com.puppycrawl.tools.checkstyle.checks.indentation.IndentationCheck"/>
</file>
<file name="/home/artem/IdeaProjects/JavaTraining/src/main/java/com/noveogroup/java/validator/NotNull.java">
<error line="0" severity="error" message="File does not end with a newline." source="com.puppycrawl.tools.checkstyle.checks.NewlineAtEndOfFileCheck"/>
</file>
<file name="/home/artem/IdeaProjects/JavaTraining/src/main/java/com/noveogroup/java/validator/DateValidator.java">
</file>
<file name="/home/artem/IdeaProjects/JavaTraining/src/main/java/com/noveogroup/java/validator/NotBlank.java">
</file>
<file name="/home/artem/IdeaProjects/JavaTraining/src/main/java/com/noveogroup/java/validator/ValidateException.java">
</file>
<file name="/home/artem/IdeaProjects/JavaTraining/src/main/java/com/noveogroup/java/validator/NotNullValidator.java">
<<<<<<< HEAD
</file>
<file name="/home/artem/IdeaProjects/JavaTraining/src/main/java/com/noveogroup/java/validator/Validator.java">
<error line="11" severity="error" message="method def return type at indentation level 3 not at correct indentation, 4" source="com.puppycrawl.tools.checkstyle.checks.indentation.IndentationCheck"/>
</file>
<file name="/home/artem/IdeaProjects/JavaTraining/src/main/java/com/noveogroup/java/validator/Date.java">
</file>
<file name="/home/artem/IdeaProjects/JavaTraining/src/main/java/com/noveogroup/java/validator/PatternValidator.java">
<error line="29" severity="error" message="method def child at indentation level 12 not at correct indentation, 8" source="com.puppycrawl.tools.checkstyle.checks.indentation.IndentationCheck"/>
<error line="30" severity="error" message="method def child at indentation level 12 not at correct indentation, 8" source="com.puppycrawl.tools.checkstyle.checks.indentation.IndentationCheck"/>
<error line="31" severity="error" message="try at indentation level 12 not at correct indentation, 8" source="com.puppycrawl.tools.checkstyle.checks.indentation.IndentationCheck"/>
<error line="32" severity="error" message="if at indentation level 16 not at correct indentation, 12" source="com.puppycrawl.tools.checkstyle.checks.indentation.IndentationCheck"/>
<error line="34" severity="error" message="if child at indentation level 20 not at correct indentation, 16" source="com.puppycrawl.tools.checkstyle.checks.indentation.IndentationCheck"/>
<error line="35" severity="error" message="if rcurly at indentation level 16 not at correct indentation, 12" source="com.puppycrawl.tools.checkstyle.checks.indentation.IndentationCheck"/>
<error line="36" severity="error" message="try rcurly at indentation level 12 not at correct indentation, 8" source="com.puppycrawl.tools.checkstyle.checks.indentation.IndentationCheck"/>
<error line="37" severity="error" message="try at indentation level 16 not at correct indentation, 12" source="com.puppycrawl.tools.checkstyle.checks.indentation.IndentationCheck"/>
<error line="38" severity="error" message="try child at indentation level 20 not at correct indentation, 16" source="com.puppycrawl.tools.checkstyle.checks.indentation.IndentationCheck"/>
<error line="39" severity="error" message="try rcurly at indentation level 16 not at correct indentation, 12" source="com.puppycrawl.tools.checkstyle.checks.indentation.IndentationCheck"/>
<error line="40" severity="error" message="catch child at indentation level 20 not at correct indentation, 16" source="com.puppycrawl.tools.checkstyle.checks.indentation.IndentationCheck"/>
<error line="41" severity="error" message="catch rcurly at indentation level 15 not at correct indentation, 12" source="com.puppycrawl.tools.checkstyle.checks.indentation.IndentationCheck"/>
<error line="43" severity="error" message="catch rcurly at indentation level 12 not at correct indentation, 8" source="com.puppycrawl.tools.checkstyle.checks.indentation.IndentationCheck"/>
<error line="44" severity="error" message="catch child at indentation level 16 not at correct indentation, 12" source="com.puppycrawl.tools.checkstyle.checks.indentation.IndentationCheck"/>
<error line="45" severity="error" message="catch rcurly at indentation level 12 not at correct indentation, 8" source="com.puppycrawl.tools.checkstyle.checks.indentation.IndentationCheck"/>
</file>
<file name="/home/artem/IdeaProjects/JavaTraining/src/main/java/com/noveogroup/java/validator/ValidatedBy.java">
</file>
<file name="/home/artem/IdeaProjects/JavaTraining/src/main/java/com/noveogroup/java/validator/ValidatorFactory.java">
<error line="20" column="1" severity="error" message="Class &apos;ValidatorFactory&apos; must be declared as &apos;abstract&apos;." source="com.puppycrawl.tools.checkstyle.checks.naming.AbstractClassNameCheck"/>
<error line="20" column="1" severity="error" message="Utility classes should not have a public or default constructor." source="com.puppycrawl.tools.checkstyle.checks.design.HideUtilityClassConstructorCheck"/>
<error line="24" column="51" severity="error" message="Throws count is 5 (max allowed is 3)." source="com.puppycrawl.tools.checkstyle.checks.design.ThrowsCountCheck"/>
<error line="45" severity="error" message="assign at indentation level 20 not at correct indentation, 16" source="com.puppycrawl.tools.checkstyle.checks.indentation.IndentationCheck"/>
<error line="66" column="12" severity="error" message="&apos;try&apos; is not followed by whitespace." source="com.puppycrawl.tools.checkstyle.checks.whitespace.WhitespaceAroundCheck"/>
<error line="66" column="12" severity="error" message="&apos;{&apos; is not preceded with whitespace." source="com.puppycrawl.tools.checkstyle.checks.whitespace.WhitespaceAroundCheck"/>
=======
</file>
<file name="/home/artem/IdeaProjects/JavaTraining/src/main/java/com/noveogroup/java/validator/Validator.java">
<error line="11" severity="error" message="method def return type at indentation level 3 not at correct indentation, 4" source="com.puppycrawl.tools.checkstyle.checks.indentation.IndentationCheck"/>
</file>
<file name="/home/artem/IdeaProjects/JavaTraining/src/main/java/com/noveogroup/java/validator/Date.java">
</file>
<file name="/home/artem/IdeaProjects/JavaTraining/src/main/java/com/noveogroup/java/validator/PatternValidator.java">
<error line="29" severity="error" message="method def child at indentation level 12 not at correct indentation, 8" source="com.puppycrawl.tools.checkstyle.checks.indentation.IndentationCheck"/>
<error line="30" severity="error" message="method def child at indentation level 12 not at correct indentation, 8" source="com.puppycrawl.tools.checkstyle.checks.indentation.IndentationCheck"/>
<error line="31" severity="error" message="try at indentation level 12 not at correct indentation, 8" source="com.puppycrawl.tools.checkstyle.checks.indentation.IndentationCheck"/>
<error line="32" severity="error" message="try child at indentation level 16 not at correct indentation, 12" source="com.puppycrawl.tools.checkstyle.checks.indentation.IndentationCheck"/>
<error line="33" severity="error" message="try rcurly at indentation level 12 not at correct indentation, 8" source="com.puppycrawl.tools.checkstyle.checks.indentation.IndentationCheck"/>
<error line="34" severity="error" message="catch child at indentation level 16 not at correct indentation, 12" source="com.puppycrawl.tools.checkstyle.checks.indentation.IndentationCheck"/>
<error line="38" severity="error" message="catch rcurly at indentation level 12 not at correct indentation, 8" source="com.puppycrawl.tools.checkstyle.checks.indentation.IndentationCheck"/>
<error line="39" severity="error" message="method def child at indentation level 12 not at correct indentation, 8" source="com.puppycrawl.tools.checkstyle.checks.indentation.IndentationCheck"/>
<error line="40" severity="error" message="try at indentation level 12 not at correct indentation, 8" source="com.puppycrawl.tools.checkstyle.checks.indentation.IndentationCheck"/>
<error line="41" severity="error" message="if at indentation level 16 not at correct indentation, 12" source="com.puppycrawl.tools.checkstyle.checks.indentation.IndentationCheck"/>
<error line="43" severity="error" message="if child at indentation level 20 not at correct indentation, 16" source="com.puppycrawl.tools.checkstyle.checks.indentation.IndentationCheck"/>
<error line="44" severity="error" message="if rcurly at indentation level 16 not at correct indentation, 12" source="com.puppycrawl.tools.checkstyle.checks.indentation.IndentationCheck"/>
<error line="45" severity="error" message="try rcurly at indentation level 12 not at correct indentation, 8" source="com.puppycrawl.tools.checkstyle.checks.indentation.IndentationCheck"/>
<error line="46" severity="error" message="try at indentation level 16 not at correct indentation, 12" source="com.puppycrawl.tools.checkstyle.checks.indentation.IndentationCheck"/>
<error line="47" severity="error" message="try child at indentation level 20 not at correct indentation, 16" source="com.puppycrawl.tools.checkstyle.checks.indentation.IndentationCheck"/>
<error line="48" severity="error" message="try rcurly at indentation level 16 not at correct indentation, 12" source="com.puppycrawl.tools.checkstyle.checks.indentation.IndentationCheck"/>
<error line="49" severity="error" message="catch child at indentation level 20 not at correct indentation, 16" source="com.puppycrawl.tools.checkstyle.checks.indentation.IndentationCheck"/>
<error line="50" severity="error" message="catch rcurly at indentation level 15 not at correct indentation, 12" source="com.puppycrawl.tools.checkstyle.checks.indentation.IndentationCheck"/>
<error line="52" severity="error" message="catch rcurly at indentation level 12 not at correct indentation, 8" source="com.puppycrawl.tools.checkstyle.checks.indentation.IndentationCheck"/>
<error line="53" severity="error" message="catch child at indentation level 16 not at correct indentation, 12" source="com.puppycrawl.tools.checkstyle.checks.indentation.IndentationCheck"/>
<error line="54" severity="error" message="catch rcurly at indentation level 12 not at correct indentation, 8" source="com.puppycrawl.tools.checkstyle.checks.indentation.IndentationCheck"/>
</file>
<file name="/home/artem/IdeaProjects/JavaTraining/src/main/java/com/noveogroup/java/validator/ValidatedBy.java">
</file>
<file name="/home/artem/IdeaProjects/JavaTraining/src/main/java/com/noveogroup/java/validator/ValidatorFactory.java">
<error line="19" column="1" severity="error" message="Class &apos;ValidatorFactory&apos; must be declared as &apos;abstract&apos;." source="com.puppycrawl.tools.checkstyle.checks.naming.AbstractClassNameCheck"/>
<error line="19" column="1" severity="error" message="Utility classes should not have a public or default constructor." source="com.puppycrawl.tools.checkstyle.checks.design.HideUtilityClassConstructorCheck"/>
<error line="23" column="51" severity="error" message="Throws count is 5 (max allowed is 3)." source="com.puppycrawl.tools.checkstyle.checks.design.ThrowsCountCheck"/>
<error line="34" column="102" severity="error" message="Throws count is 5 (max allowed is 3)." source="com.puppycrawl.tools.checkstyle.checks.design.ThrowsCountCheck"/>
<error line="45" severity="error" message="assign at indentation level 20 not at correct indentation, 16" source="com.puppycrawl.tools.checkstyle.checks.indentation.IndentationCheck"/>
<error line="59" severity="error" message="Line is longer than 120 characters (found 131)." source="com.puppycrawl.tools.checkstyle.checks.sizes.LineLengthCheck"/>
<error line="59" column="103" severity="error" message="Throws count is 4 (max allowed is 3)." source="com.puppycrawl.tools.checkstyle.checks.design.ThrowsCountCheck"/>
>>>>>>> 5d0796e070f3d7a5f9007751821bd3d21c94ffea
</file>
<file name="/home/artem/IdeaProjects/JavaTraining/src/main/java/com/noveogroup/java/serialize/Serializer.java">
<error line="16" column="5" severity="error" message="Static variable definition in wrong order." source="com.puppycrawl.tools.checkstyle.checks.coding.DeclarationOrderCheck"/>
<error line="29" column="9" severity="error" message="&apos;}&apos; should be on the same line." source="com.puppycrawl.tools.checkstyle.checks.blocks.RightCurlyCheck"/>
<error line="38" column="16" severity="error" message="Variable &apos;result&apos; should be declared final." source="com.puppycrawl.tools.checkstyle.checks.coding.FinalLocalVariableCheck"/>
</file>
<file name="/home/artem/IdeaProjects/JavaTraining/src/main/java/com/noveogroup/java/Reader.java">
<error line="20" severity="error" message="First sentence should end with a period." source="com.puppycrawl.tools.checkstyle.checks.javadoc.JavadocStyleCheck"/>
</file>
<file name="/home/artem/IdeaProjects/JavaTraining/src/main/java/com/noveogroup/java/generator/Final.java">
</file>
<file name="/home/artem/IdeaProjects/JavaTraining/src/main/java/com/noveogroup/java/generator/PojoFactory.java">
<<<<<<< HEAD
<error line="15" column="1" severity="error" message="Class &apos;PojoFactory&apos; must be declared as &apos;abstract&apos;." source="com.puppycrawl.tools.checkstyle.checks.naming.AbstractClassNameCheck"/>
<error line="36" column="28" severity="error" message="Variable &apos;obj&apos; should be declared final." source="com.puppycrawl.tools.checkstyle.checks.coding.FinalLocalVariableCheck"/>
<error line="70" column="9" severity="error" message="&apos;{&apos; should be on the previous line." source="com.puppycrawl.tools.checkstyle.checks.blocks.LeftCurlyCheck"/>
<error line="117" column="60" severity="error" message="Parameter valid should be final." source="com.puppycrawl.tools.checkstyle.checks.FinalParametersCheck"/>
<error line="214" column="32" severity="error" message="Unnecessary parentheses around assignment right-hand side." source="com.puppycrawl.tools.checkstyle.checks.coding.UnnecessaryParenthesesCheck"/>
=======
<error line="17" column="1" severity="error" message="Class &apos;PojoFactory&apos; must be declared as &apos;abstract&apos;." source="com.puppycrawl.tools.checkstyle.checks.naming.AbstractClassNameCheck"/>
<error line="28" column="5" severity="error" message="Cyclomatic Complexity is 24 (max allowed is 10)." source="com.puppycrawl.tools.checkstyle.checks.metrics.CyclomaticComplexityCheck"/>
<error line="28" column="5" severity="error" message="Executable statement count is 61 (max allowed is 30)." source="com.puppycrawl.tools.checkstyle.checks.sizes.ExecutableStatementCountCheck"/>
<error line="28" column="5" severity="error" message="NCSS for this method is 69 (max allowed is 50)." source="com.puppycrawl.tools.checkstyle.checks.metrics.JavaNCSSCheck"/>
<error line="28" column="5" severity="error" message="NPath Complexity is 2Â 413 (max allowed is 200)." source="com.puppycrawl.tools.checkstyle.checks.metrics.NPathComplexityCheck"/>
<error line="40" column="21" severity="error" message="Nested for depth is 2 (max allowed is 1)." source="com.puppycrawl.tools.checkstyle.checks.coding.NestedForDepthCheck"/>
>>>>>>> 5d0796e070f3d7a5f9007751821bd3d21c94ffea
</file>
<file name="/home/artem/IdeaProjects/JavaTraining/src/main/java/com/noveogroup/java/generator/Pojo1.java">
<error line="7" severity="error" message="First sentence should end with a period." source="com.puppycrawl.tools.checkstyle.checks.javadoc.JavadocStyleCheck"/>
<error line="18" column="19" severity="error" message="Variable &apos;from&apos; must be private and have accessor methods." source="com.puppycrawl.tools.checkstyle.checks.design.VisibilityModifierCheck"/>
<error line="20" column="16" severity="error" message="Variable &apos;value&apos; must be private and have accessor methods." source="com.puppycrawl.tools.checkstyle.checks.design.VisibilityModifierCheck"/>
<<<<<<< HEAD
<error line="25" column="19" severity="error" message="Variable &apos;to&apos; must be private and have accessor methods." source="com.puppycrawl.tools.checkstyle.checks.design.VisibilityModifierCheck"/>
<error line="28" column="19" severity="error" message="Variable &apos;cc&apos; must be private and have accessor methods." source="com.puppycrawl.tools.checkstyle.checks.design.VisibilityModifierCheck"/>
<error line="32" column="19" severity="error" message="Variable &apos;bcc&apos; must be private and have accessor methods." source="com.puppycrawl.tools.checkstyle.checks.design.VisibilityModifierCheck"/>
</file>
<file name="/home/artem/IdeaProjects/JavaTraining/src/main/java/com/noveogroup/java/generator/Pojo2.java">
<error line="0" severity="error" message="File does not end with a newline." source="com.puppycrawl.tools.checkstyle.checks.NewlineAtEndOfFileCheck"/>
=======
</file>
<file name="/home/artem/IdeaProjects/JavaTraining/src/main/java/com/noveogroup/java/generator/Pojo2.java">
<error line="0" severity="error" message="File does not end with a newline." source="com.puppycrawl.tools.checkstyle.checks.NewlineAtEndOfFileCheck"/>
<error line="3" column="8" severity="error" message="Unused import - com.noveogroup.java.validator.Date." source="com.puppycrawl.tools.checkstyle.checks.imports.UnusedImportsCheck"/>
<error line="4" column="8" severity="error" message="Unused import - com.noveogroup.java.validator.NotNull." source="com.puppycrawl.tools.checkstyle.checks.imports.UnusedImportsCheck"/>
>>>>>>> 5d0796e070f3d7a5f9007751821bd3d21c94ffea
</file>
<file name="/home/artem/IdeaProjects/JavaTraining/src/main/java/com/noveogroup/java/generator/Generator.java">
<error line="26" severity="error" message="array initialization child at indentation level 12 not at correct indentation, [8, 51]" source="com.puppycrawl.tools.checkstyle.checks.indentation.IndentationCheck"/>
<error line="27" severity="error" message="array initialization child at indentation level 12 not at correct indentation, [8, 51]" source="com.puppycrawl.tools.checkstyle.checks.indentation.IndentationCheck"/>
<error line="28" severity="error" message="array initialization child at indentation level 12 not at correct indentation, [8, 51]" source="com.puppycrawl.tools.checkstyle.checks.indentation.IndentationCheck"/>
<error line="29" severity="error" message="array initialization child at indentation level 12 not at correct indentation, [8, 51]" source="com.puppycrawl.tools.checkstyle.checks.indentation.IndentationCheck"/>
</file>
</checkstyle>
